<?xml version="1.0" encoding="UTF-8"?>
<testng-results ignored="0" total="1" passed="1" failed="0" skipped="0">
  <reporter-output>
    <line>
      <![CDATA[No of rows are::10]]>
    </line>
    <line>
      <![CDATA[Add Employee Sucess::19152   19152]]>
    </line>
    <line>
      <![CDATA[Add Employee Sucess::19153   19153]]>
    </line>
    <line>
      <![CDATA[Add Employee Sucess::19154   19154]]>
    </line>
    <line>
      <![CDATA[Add Employee Sucess::19155   19155]]>
    </line>
    <line>
      <![CDATA[Add Employee Sucess::19156   19156]]>
    </line>
    <line>
      <![CDATA[Add Employee Sucess::19157   19157]]>
    </line>
    <line>
      <![CDATA[Add Employee Sucess::19158   19158]]>
    </line>
    <line>
      <![CDATA[Add Employee Sucess::19159   19159]]>
    </line>
    <line>
      <![CDATA[Add Employee Sucess::19160   19160]]>
    </line>
    <line>
      <![CDATA[Add Employee Sucess::19161   19161]]>
    </line>
  </reporter-output>
  <suite started-at="2023-04-13T22:31:15 IST" name="Default suite" finished-at="2023-04-13T22:31:54 IST" duration-ms="39049">
    <groups>
    </groups>
    <test started-at="2023-04-13T22:31:15 IST" name="Default test" finished-at="2023-04-13T22:31:54 IST" duration-ms="39049">
      <class name="driverFactory.TestScript1withExcel">
        <test-method is-config="true" signature="AdminLogin()[pri:0, instance:driverFactory.TestScript1withExcel@4b29d1d2]" started-at="2023-04-13T22:31:15 IST" name="AdminLogin" finished-at="2023-04-13T22:31:23 IST" duration-ms="7300" status="PASS">
          <reporter-output>
          </reporter-output>
        </test-method> <!-- AdminLogin -->
        <test-method signature="startTest()[pri:0, instance:driverFactory.TestScript1withExcel@4b29d1d2]" started-at="2023-04-13T22:31:23 IST" name="startTest" finished-at="2023-04-13T22:31:54 IST" duration-ms="30914" status="PASS">
          <reporter-output>
            <line>
              <![CDATA[No of rows are::10]]>
            </line>
            <line>
              <![CDATA[Add Employee Sucess::19152   19152]]>
            </line>
            <line>
              <![CDATA[Add Employee Sucess::19153   19153]]>
            </line>
            <line>
              <![CDATA[Add Employee Sucess::19154   19154]]>
            </line>
            <line>
              <![CDATA[Add Employee Sucess::19155   19155]]>
            </line>
            <line>
              <![CDATA[Add Employee Sucess::19156   19156]]>
            </line>
            <line>
              <![CDATA[Add Employee Sucess::19157   19157]]>
            </line>
            <line>
              <![CDATA[Add Employee Sucess::19158   19158]]>
            </line>
            <line>
              <![CDATA[Add Employee Sucess::19159   19159]]>
            </line>
            <line>
              <![CDATA[Add Employee Sucess::19160   19160]]>
            </line>
            <line>
              <![CDATA[Add Employee Sucess::19161   19161]]>
            </line>
          </reporter-output>
        </test-method> <!-- startTest -->
        <test-method is-config="true" signature="tearDown()[pri:0, instance:driverFactory.TestScript1withExcel@4b29d1d2]" started-at="2023-04-13T22:31:54 IST" name="tearDown" finished-at="2023-04-13T22:31:54 IST" duration-ms="787" status="PASS">
          <reporter-output>
          </reporter-output>
        </test-method> <!-- tearDown -->
      </class> <!-- driverFactory.TestScript1withExcel -->
    </test> <!-- Default test -->
  </suite> <!-- Default suite -->
</testng-results>
